<?xml version="1.0" encoding="UTF-8"?>
<testng-results skipped="0" failed="0" total="1" passed="1">
  <reporter-output>
  </reporter-output>
  <suite name="Suite" duration-ms="11933" started-at="2020-04-28T07:24:17Z" finished-at="2020-04-28T07:24:29Z">
    <groups>
      <group name="cucumber">
        <method signature="AbstractTestNGCucumberTests.feature(cucumber.api.testng.CucumberFeatureWrapper)[pri:0, instance:testRunner.Runner@3796751b]" name="feature" class="cucumber.api.testng.AbstractTestNGCucumberTests"/>
      </group> <!-- cucumber -->
    </groups>
    <test name="Test" duration-ms="11933" started-at="2020-04-28T07:24:17Z" finished-at="2020-04-28T07:24:29Z">
      <class name="testRunner.Runner">
        <test-method status="PASS" signature="setUpClass()[pri:0, instance:testRunner.Runner@3796751b]" name="setUpClass" is-config="true" duration-ms="427" started-at="2020-04-28T12:54:17Z" finished-at="2020-04-28T12:54:18Z">
          <reporter-output>
          </reporter-output>
        </test-method> <!-- setUpClass -->
        <test-method status="PASS" signature="feature(cucumber.api.testng.CucumberFeatureWrapper)[pri:0, instance:testRunner.Runner@3796751b]" name="feature" duration-ms="11350" started-at="2020-04-28T12:54:18Z" description="Runs Cucumber Feature" data-provider="features" finished-at="2020-04-28T12:54:29Z">
          <params>
            <param index="0">
              <value>
                <![CDATA[Login Scenario]]>
              </value>
            </param>
          </params>
          <reporter-output>
          </reporter-output>
        </test-method> <!-- feature -->
        <test-method status="PASS" signature="tearDownClass()[pri:0, instance:testRunner.Runner@3796751b]" name="tearDownClass" is-config="true" duration-ms="13" started-at="2020-04-28T12:54:29Z" finished-at="2020-04-28T12:54:29Z">
          <reporter-output>
          </reporter-output>
        </test-method> <!-- tearDownClass -->
      </class> <!-- testRunner.Runner -->
    </test> <!-- Test -->
  </suite> <!-- Suite -->
</testng-results>
